<?xml version="1.0" encoding="UTF-8"?>
<!-- Generated by org.testng.reporters.JUnitReportReporter -->
<testsuite skipped="1" hostname="MATHER-PC" name="testCases.TestCase" tests="2" failures="0" timestamp="2021-10-17T00:16:10 IST" time="55.655" errors="0">
  <testcase name="editLead" time="55.655" classname="testCases.TestCase"/>
  <system-out/>
  <testcase name="login" classname="testCases.TestCase">
    <skipped/>
  </testcase> <!-- login -->
  <system-out/>
</testsuite> <!-- testCases.TestCase -->
