<?xml version="1.0" encoding="UTF-8"?>
<!-- Generated by org.testng.reporters.JUnitReportReporter -->
<testsuite skipped="0" hostname="MATHER-PC" name="testCases.EditLead" tests="1" failures="0" timestamp="2021-10-17T01:59:49 IST" time="21.736" errors="0">
  <testcase name="editLead" time="21.736" classname="testCases.EditLead"/>
  <system-out/>
</testsuite> <!-- testCases.EditLead -->
