<?xml version="1.0" encoding="UTF-8"?>
<!-- Generated by org.testng.reporters.JUnitReportReporter -->
<testsuite skipped="0" hostname="MATHER-PC" name="testCases.CreateLead" tests="1" failures="0" timestamp="2021-10-17T01:59:49 IST" time="25.635" errors="0">
  <testcase name="createLead" time="25.635" classname="testCases.CreateLead"/>
  <system-out/>
</testsuite> <!-- testCases.CreateLead -->
